<?xml version="1.0" encoding="UTF-8"?>
<!-- Generated by org.testng.reporters.JUnitReportReporter -->
<testsuite hostname="DESKTOP-MEL0TQP" failures="0" tests="1" name="demo1.D1Test" time="0.011" errors="0" timestamp="2023-12-21T15:57:32 IST" skipped="0">
  <testcase classname="demo1.D1Test" name="d1Test" time="0.011"/>
</testsuite> <!-- demo1.D1Test -->
